<?xml version="1.0" encoding="UTF-8"?>
<testsuite xmlns:xsi="http://www.w3.org/2001/XMLSchema-instance" xsi:noNamespaceSchemaLocation="https://maven.apache.org/surefire/maven-surefire-plugin/xsd/surefire-test-report-3.0.xsd" version="3.0" name="TestSuite" time="78.53" tests="7" errors="0" skipped="2" failures="1">
  <properties>
[...]
</properties>
  <testcase name="loginPositiveTest" classname="tests.LoginTests" time="9.148"/>
  <testcase name="loginNegativeEmailTest" classname="tests.LoginTests" time="4.077"/>
  <testcase name="loginNegativeFormatEmailTest" classname="tests.LoginTests" time="0">
    <skipped message="No visibility element: //div[@fxlayoutalign=&apos;start center&apos;]//div"/>
    <system-out><![CDATA[17-09-2022 03:08:52 INFO  TestInit:67 - Teardown
17-09-2022 03:08:52 INFO  TestInit:31 - Setup driver
17-09-2022 03:08:52 INFO  TestInit:32 - Starting chrome driver
17-09-2022 03:09:06 ERROR LoginPageHelper:43 - No visibility element: //div[@fxlayoutalign='start center']//div
Retrying test loginNegativeFormatEmailTest for the 1 time(s).
]]></system-out>
    <system-err><![CDATA[Starting ChromeDriver 105.0.5195.52 (412c95e518836d8a7d97250d62b29c2ae6a26a85-refs/branch-heads/5195@{#853}) on port 57815
Only local connections are allowed.
Please see https://chromedriver.chromium.org/security-considerations for suggestions on keeping ChromeDriver safe.
ChromeDriver was started successfully.
вер. 17, 2022 3:08:53 ДП org.openqa.selenium.remote.ProtocolHandshake createSession
INFO: Detected dialect: W3C
вер. 17, 2022 3:08:53 ДП org.openqa.selenium.devtools.CdpVersionFinder findNearestMatch
WARNING: Unable to find an exact match for CDP version 105, so returning the closest version found: a no-op implementation
вер. 17, 2022 3:08:53 ДП org.openqa.selenium.devtools.CdpVersionFinder findNearestMatch
INFO: Unable to find CDP implementation matching 105.
вер. 17, 2022 3:08:53 ДП org.openqa.selenium.chromium.ChromiumDriver lambda$new$3
WARNING: Unable to find version of CDP to use for . You may need to include a dependency on a specific version of the CDP using something similar to `org.seleniumhq.selenium:selenium-devtools-v86:4.1.3` where the version ("v86") matches the version of the chromium-based browser you're using and the version number of the artifact is the same as Selenium's.
]]></system-err>
  </testcase>
  <testcase name="loginNegativeFormatEmailTest" classname="tests.LoginTests" time="0">
    <skipped message="No visibility element: //div[@fxlayoutalign=&apos;start center&apos;]//div"/>
    <system-out><![CDATA[17-09-2022 03:09:06 INFO  TestInit:67 - Teardown
17-09-2022 03:09:07 INFO  TestInit:31 - Setup driver
17-09-2022 03:09:07 INFO  TestInit:32 - Starting chrome driver
17-09-2022 03:09:21 ERROR LoginPageHelper:43 - No visibility element: //div[@fxlayoutalign='start center']//div
Retrying test loginNegativeFormatEmailTest for the 2 time(s).
]]></system-out>
    <system-err><![CDATA[Starting ChromeDriver 105.0.5195.52 (412c95e518836d8a7d97250d62b29c2ae6a26a85-refs/branch-heads/5195@{#853}) on port 51030
Only local connections are allowed.
Please see https://chromedriver.chromium.org/security-considerations for suggestions on keeping ChromeDriver safe.
ChromeDriver was started successfully.
вер. 17, 2022 3:09:07 ДП org.openqa.selenium.remote.ProtocolHandshake createSession
INFO: Detected dialect: W3C
вер. 17, 2022 3:09:07 ДП org.openqa.selenium.devtools.CdpVersionFinder findNearestMatch
WARNING: Unable to find an exact match for CDP version 105, so returning the closest version found: a no-op implementation
вер. 17, 2022 3:09:07 ДП org.openqa.selenium.devtools.CdpVersionFinder findNearestMatch
INFO: Unable to find CDP implementation matching 105.
вер. 17, 2022 3:09:07 ДП org.openqa.selenium.chromium.ChromiumDriver lambda$new$3
WARNING: Unable to find version of CDP to use for . You may need to include a dependency on a specific version of the CDP using something similar to `org.seleniumhq.selenium:selenium-devtools-v86:4.1.3` where the version ("v86") matches the version of the chromium-based browser you're using and the version number of the artifact is the same as Selenium's.
]]></system-err>
  </testcase>
  <testcase name="loginNegativeFormatEmailTest" classname="tests.LoginTests" time="13.581">
    <failure message="No visibility element: //div[@fxlayoutalign=&apos;start center&apos;]//div" type="java.lang.AssertionError"><![CDATA[java.lang.AssertionError: No visibility element: //div[@fxlayoutalign='start center']//div
	at tests.LoginTests.loginNegativeFormatEmailTest(LoginTests.java:33)
]]></failure>
    <system-out><![CDATA[17-09-2022 03:09:21 INFO  TestInit:67 - Teardown
17-09-2022 03:09:21 INFO  TestInit:31 - Setup driver
17-09-2022 03:09:21 INFO  TestInit:32 - Starting chrome driver
17-09-2022 03:09:36 ERROR LoginPageHelper:43 - No visibility element: //div[@fxlayoutalign='start center']//div
]]></system-out>
    <system-err><![CDATA[Starting ChromeDriver 105.0.5195.52 (412c95e518836d8a7d97250d62b29c2ae6a26a85-refs/branch-heads/5195@{#853}) on port 65483
Only local connections are allowed.
Please see https://chromedriver.chromium.org/security-considerations for suggestions on keeping ChromeDriver safe.
ChromeDriver was started successfully.
вер. 17, 2022 3:09:22 ДП org.openqa.selenium.remote.ProtocolHandshake createSession
INFO: Detected dialect: W3C
вер. 17, 2022 3:09:22 ДП org.openqa.selenium.devtools.CdpVersionFinder findNearestMatch
WARNING: Unable to find an exact match for CDP version 105, so returning the closest version found: a no-op implementation
вер. 17, 2022 3:09:22 ДП org.openqa.selenium.devtools.CdpVersionFinder findNearestMatch
INFO: Unable to find CDP implementation matching 105.
вер. 17, 2022 3:09:22 ДП org.openqa.selenium.chromium.ChromiumDriver lambda$new$3
WARNING: Unable to find version of CDP to use for . You may need to include a dependency on a specific version of the CDP using something similar to `org.seleniumhq.selenium:selenium-devtools-v86:4.1.3` where the version ("v86") matches the version of the chromium-based browser you're using and the version number of the artifact is the same as Selenium's.
]]></system-err>
  </testcase>
  <testcase name="loginNegativePasswordTest" classname="tests.LoginTests" time="4.815"/>
  <testcase name="loginWithoutPasswordTest" classname="tests.LoginTests" time="3.746"/>
</testsuite>